Picture-In-Picture/app/build/intermediates/manifest_merge_blame_file/debug/manifest-merger-blame-debug-report.txt
1<?xml version="1.0" encoding="utf-8"?>
2<manifest xmlns:android="http://schemas.android.com/apk/res/android"
3    package="com.tokbox.sample.pictureinpicture"
4    android:versionCode="1"
5    android:versionName="1.0" >
6
7    <uses-sdk
8        android:minSdkVersion="16"
8-->src/main/AndroidManifest.xml
9        android:targetSdkVersion="28" />
9-->src/main/AndroidManifest.xml
10
11    <uses-permission android:name="android.permission.CAMERA" />
11-->[com.opentok.android:opentok-android-sdk:2.18.1] AndroidManifest.xml:9:5-65
11-->[com.opentok.android:opentok-android-sdk:2.18.1] AndroidManifest.xml:9:22-62
12    <uses-permission android:name="android.permission.INTERNET" />
12-->[com.opentok.android:opentok-android-sdk:2.18.1] AndroidManifest.xml:10:5-67
12-->[com.opentok.android:opentok-android-sdk:2.18.1] AndroidManifest.xml:10:22-64
13    <uses-permission android:name="android.permission.RECORD_AUDIO" />
13-->[com.opentok.android:opentok-android-sdk:2.18.1] AndroidManifest.xml:11:5-71
13-->[com.opentok.android:opentok-android-sdk:2.18.1] AndroidManifest.xml:11:22-68
14    <uses-permission android:name="android.permission.MODIFY_AUDIO_SETTINGS" />
14-->[com.opentok.android:opentok-android-sdk:2.18.1] AndroidManifest.xml:12:5-80
14-->[com.opentok.android:opentok-android-sdk:2.18.1] AndroidManifest.xml:12:22-77
15    <uses-permission android:name="android.permission.BLUETOOTH" />
15-->[com.opentok.android:opentok-android-sdk:2.18.1] AndroidManifest.xml:13:5-68
15-->[com.opentok.android:opentok-android-sdk:2.18.1] AndroidManifest.xml:13:22-65
16    <uses-permission android:name="android.permission.BROADCAST_STICKY" />
16-->[com.opentok.android:opentok-android-sdk:2.18.1] AndroidManifest.xml:14:5-75
16-->[com.opentok.android:opentok-android-sdk:2.18.1] AndroidManifest.xml:14:22-72
17    <uses-permission android:name="android.permission.READ_PHONE_STATE" />
17-->[com.opentok.android:opentok-android-sdk:2.18.1] AndroidManifest.xml:15:5-75
17-->[com.opentok.android:opentok-android-sdk:2.18.1] AndroidManifest.xml:15:22-72
18
19    <uses-feature android:name="android.hardware.camera" />
19-->[com.opentok.android:opentok-android-sdk:2.18.1] AndroidManifest.xml:17:5-60
19-->[com.opentok.android:opentok-android-sdk:2.18.1] AndroidManifest.xml:17:19-57
20    <uses-feature
20-->[com.opentok.android:opentok-android-sdk:2.18.1] AndroidManifest.xml:18:5-20:36
21        android:name="android.hardware.camera.autofocus"
21-->[com.opentok.android:opentok-android-sdk:2.18.1] AndroidManifest.xml:19:9-57
22        android:required="false" />
22-->[com.opentok.android:opentok-android-sdk:2.18.1] AndroidManifest.xml:20:9-33
23    <uses-feature
23-->[com.opentok.android:opentok-android-sdk:2.18.1] AndroidManifest.xml:21:5-23:35
24        android:glEsVersion="0x00020000"
24-->[com.opentok.android:opentok-android-sdk:2.18.1] AndroidManifest.xml:22:9-41
25        android:required="true" />
25-->[com.opentok.android:opentok-android-sdk:2.18.1] AndroidManifest.xml:23:9-32
26
27    <application
27-->src/main/AndroidManifest.xml:5:5-22:19
28        android:allowBackup="true"
28-->src/main/AndroidManifest.xml:6:9-35
29        android:appComponentFactory="androidx.core.app.CoreComponentFactory"
29-->[androidx.core:core:1.3.1] AndroidManifest.xml:24:18-86
30        android:debuggable="true"
31        android:icon="@mipmap/ic_launcher"
31-->src/main/AndroidManifest.xml:7:9-43
32        android:label="@string/app_name"
32-->src/main/AndroidManifest.xml:8:9-41
33        android:roundIcon="@mipmap/ic_launcher_round"
33-->src/main/AndroidManifest.xml:9:9-54
34        android:supportsRtl="true"
34-->src/main/AndroidManifest.xml:10:9-35
35        android:theme="@style/AppTheme" >
35-->src/main/AndroidManifest.xml:11:9-40
36        <activity
36-->src/main/AndroidManifest.xml:12:9-21:20
37            android:name="com.tokbox.sample.pictureinpicture.MainActivity"
37-->src/main/AndroidManifest.xml:12:19-47
38            android:configChanges="screenSize|smallestScreenSize|screenLayout|orientation"
38-->src/main/AndroidManifest.xml:15:13-91
39            android:resizeableActivity="true"
39-->src/main/AndroidManifest.xml:14:13-46
40            android:supportsPictureInPicture="true" >
40-->src/main/AndroidManifest.xml:13:13-52
41            <intent-filter>
41-->src/main/AndroidManifest.xml:16:13-20:29
42                <action android:name="android.intent.action.MAIN" />
42-->src/main/AndroidManifest.xml:17:17-68
42-->src/main/AndroidManifest.xml:17:25-66
43
44                <category android:name="android.intent.category.LAUNCHER" />
44-->src/main/AndroidManifest.xml:19:17-76
44-->src/main/AndroidManifest.xml:19:27-74
45            </intent-filter>
46        </activity>
47    </application>
48
49</manifest>